<?xml version="1.0" encoding="UTF-8"?>
<testsuite name="ActorModelTesting.ActorModelEncryptTest" tests="1" skipped="0" failures="0" errors="0" timestamp="2017-08-17T23:29:25" hostname="MTVL1539c6658.local" time="69.255">
  <properties/>
  <testcase name="runMultipleQueries" classname="ActorModelTesting.ActorModelEncryptTest" time="69.255"/>
  <system-out><![CDATA[[INFO] [08/17/2017 16:29:36.606] [ActorEncrypt-akka.actor.default-dispatcher-13] [akka://ActorEncrypt/user/batchActor/SelectActor11/UpdateActor11] Completed Batch
[INFO] [08/17/2017 16:29:36.684] [ActorEncrypt-akka.actor.default-dispatcher-6] [akka://ActorEncrypt/user/batchActor/SelectActor1/UpdateActor1] Completed Batch
[INFO] [08/17/2017 16:29:36.686] [ActorEncrypt-akka.actor.default-dispatcher-19] [akka://ActorEncrypt/user/batchActor/SelectActor18/UpdateActor18] Completed Batch
[INFO] [08/17/2017 16:29:36.721] [ActorEncrypt-akka.actor.default-dispatcher-16] [akka://ActorEncrypt/user/batchActor/SelectActor20/UpdateActor20] Completed Batch
[INFO] [08/17/2017 16:29:36.735] [ActorEncrypt-akka.actor.default-dispatcher-8] [akka://ActorEncrypt/user/batchActor/SelectActor17/UpdateActor17] Completed Batch
[INFO] [08/17/2017 16:29:36.737] [ActorEncrypt-akka.actor.default-dispatcher-11] [akka://ActorEncrypt/user/batchActor/SelectActor21/UpdateActor21] Completed Batch
[INFO] [08/17/2017 16:29:36.737] [ActorEncrypt-akka.actor.default-dispatcher-12] [akka://ActorEncrypt/user/batchActor/SelectActor0/UpdateActor0] Completed Batch
[INFO] [08/17/2017 16:29:37.357] [ActorEncrypt-akka.actor.default-dispatcher-4] [akka://ActorEncrypt/user/batchActor/SelectActor12/UpdateActor12] Completed Batch
[INFO] [08/17/2017 16:29:37.415] [ActorEncrypt-akka.actor.default-dispatcher-2] [akka://ActorEncrypt/user/batchActor/SelectActor4/UpdateActor4] Completed Batch
[INFO] [08/17/2017 16:29:37.434] [ActorEncrypt-akka.actor.default-dispatcher-5] [akka://ActorEncrypt/user/batchActor/SelectActor16/UpdateActor16] Completed Batch
[INFO] [08/17/2017 16:29:37.571] [ActorEncrypt-akka.actor.default-dispatcher-9] [akka://ActorEncrypt/user/batchActor/SelectActor14/UpdateActor14] Completed Batch
[INFO] [08/17/2017 16:29:37.652] [ActorEncrypt-akka.actor.default-dispatcher-25] [akka://ActorEncrypt/user/batchActor/SelectActor2/UpdateActor2] Completed Batch
[INFO] [08/17/2017 16:29:37.690] [ActorEncrypt-akka.actor.default-dispatcher-10] [akka://ActorEncrypt/user/batchActor/SelectActor9/UpdateActor9] Completed Batch
[INFO] [08/17/2017 16:29:38.167] [ActorEncrypt-akka.actor.default-dispatcher-20] [akka://ActorEncrypt/user/batchActor/SelectActor7/UpdateActor7] Completed Batch
[INFO] [08/17/2017 16:29:38.205] [ActorEncrypt-akka.actor.default-dispatcher-7] [akka://ActorEncrypt/user/batchActor/SelectActor19/UpdateActor19] Completed Batch
[INFO] [08/17/2017 16:29:38.557] [ActorEncrypt-akka.actor.default-dispatcher-14] [akka://ActorEncrypt/user/batchActor/SelectActor8/UpdateActor8] Completed Batch
[INFO] [08/17/2017 16:29:38.688] [ActorEncrypt-akka.actor.default-dispatcher-23] [akka://ActorEncrypt/user/batchActor/SelectActor13/UpdateActor13] Completed Batch
[INFO] [08/17/2017 16:29:42.541] [ActorEncrypt-akka.actor.default-dispatcher-13] [akka://ActorEncrypt/user/batchActor/SelectActor24/UpdateActor24] Completed Batch
[INFO] [08/17/2017 16:29:44.033] [ActorEncrypt-akka.actor.default-dispatcher-2] [akka://ActorEncrypt/user/batchActor/SelectActor22/UpdateActor22] Completed Batch
[INFO] [08/17/2017 16:29:44.341] [ActorEncrypt-akka.actor.default-dispatcher-8] [akka://ActorEncrypt/user/batchActor/SelectActor26/UpdateActor26] Completed Batch
[INFO] [08/17/2017 16:29:44.934] [ActorEncrypt-akka.actor.default-dispatcher-5] [akka://ActorEncrypt/user/batchActor/SelectActor29/UpdateActor29] Completed Batch
[INFO] [08/17/2017 16:29:45.088] [ActorEncrypt-akka.actor.default-dispatcher-17] [akka://ActorEncrypt/user/batchActor/SelectActor0/UpdateActor50] Completed Batch
[INFO] [08/17/2017 16:29:45.242] [ActorEncrypt-akka.actor.default-dispatcher-9] [akka://ActorEncrypt/user/batchActor/SelectActor27/UpdateActor27] Completed Batch
[INFO] [08/17/2017 16:29:45.628] [ActorEncrypt-akka.actor.default-dispatcher-14] [akka://ActorEncrypt/user/batchActor/SelectActor3/UpdateActor3] Completed Batch
[INFO] [08/17/2017 16:29:46.375] [ActorEncrypt-akka.actor.default-dispatcher-24] [akka://ActorEncrypt/user/batchActor/SelectActor1/UpdateActor51] Completed Batch
[INFO] [08/17/2017 16:29:46.924] [ActorEncrypt-akka.actor.default-dispatcher-22] [akka://ActorEncrypt/user/batchActor/SelectActor16/UpdateActor66] Completed Batch
[INFO] [08/17/2017 16:29:48.142] [ActorEncrypt-akka.actor.default-dispatcher-8] [akka://ActorEncrypt/user/batchActor/SelectActor5/UpdateActor5] Completed Batch
[INFO] [08/17/2017 16:29:49.054] [ActorEncrypt-akka.actor.default-dispatcher-5] [akka://ActorEncrypt/user/batchActor/SelectActor37/UpdateActor37] Completed Batch
[INFO] [08/17/2017 16:29:50.267] [ActorEncrypt-akka.actor.default-dispatcher-21] [akka://ActorEncrypt/user/batchActor/SelectActor7/UpdateActor57] Completed Batch
[INFO] [08/17/2017 16:29:51.354] [ActorEncrypt-akka.actor.default-dispatcher-24] [akka://ActorEncrypt/user/batchActor/SelectActor6/UpdateActor6] Completed Batch
[INFO] [08/17/2017 16:29:52.063] [ActorEncrypt-akka.actor.default-dispatcher-18] [akka://ActorEncrypt/user/batchActor/SelectActor13/UpdateActor63] Completed Batch
[INFO] [08/17/2017 16:29:52.323] [ActorEncrypt-akka.actor.default-dispatcher-8] [akka://ActorEncrypt/user/batchActor/SelectActor39/UpdateActor39] Completed Batch
[INFO] [08/17/2017 16:29:53.159] [ActorEncrypt-akka.actor.default-dispatcher-3] [akka://ActorEncrypt/user/batchActor/SelectActor14/UpdateActor64] Completed Batch
[INFO] [08/17/2017 16:29:53.567] [ActorEncrypt-akka.actor.default-dispatcher-12] [akka://ActorEncrypt/user/batchActor/SelectActor11/UpdateActor61] Completed Batch
[INFO] [08/17/2017 16:29:53.844] [ActorEncrypt-akka.actor.default-dispatcher-15] [akka://ActorEncrypt/user/batchActor/SelectActor4/UpdateActor54] Completed Batch
[INFO] [08/17/2017 16:29:53.911] [ActorEncrypt-akka.actor.default-dispatcher-21] [akka://ActorEncrypt/user/batchActor/SelectActor28/UpdateActor28] Completed Batch
[INFO] [08/17/2017 16:29:56.215] [ActorEncrypt-akka.actor.default-dispatcher-8] [akka://ActorEncrypt/user/batchActor/SelectActor38/UpdateActor38] Completed Batch
[INFO] [08/17/2017 16:29:57.145] [ActorEncrypt-akka.actor.default-dispatcher-18] [akka://ActorEncrypt/user/batchActor/SelectActor40/UpdateActor40] Completed Batch
[INFO] [08/17/2017 16:29:57.392] [ActorEncrypt-akka.actor.default-dispatcher-15] [akka://ActorEncrypt/user/batchActor/SelectActor10/UpdateActor10] Completed Batch
[INFO] [08/17/2017 16:29:57.779] [ActorEncrypt-akka.actor.default-dispatcher-7] [akka://ActorEncrypt/user/batchActor/SelectActor26/UpdateActor76] Completed Batch
[INFO] [08/17/2017 16:29:57.857] [ActorEncrypt-akka.actor.default-dispatcher-21] [akka://ActorEncrypt/user/batchActor/SelectActor15/UpdateActor15] Completed Batch
[INFO] [08/17/2017 16:29:59.435] [ActorEncrypt-akka.actor.default-dispatcher-13] [akka://ActorEncrypt/user/batchActor/SelectActor2/UpdateActor52] Completed Batch
[INFO] [08/17/2017 16:29:59.560] [ActorEncrypt-akka.actor.default-dispatcher-10] [akka://ActorEncrypt/user/batchActor/SelectActor17/UpdateActor67] Completed Batch
[INFO] [08/17/2017 16:29:59.777] [ActorEncrypt-akka.actor.default-dispatcher-19] [akka://ActorEncrypt/user/batchActor/SelectActor21/UpdateActor71] Completed Batch
[INFO] [08/17/2017 16:30:01.125] [ActorEncrypt-akka.actor.default-dispatcher-18] [akka://ActorEncrypt/user/batchActor/SelectActor41/UpdateActor41] Completed Batch
[INFO] [08/17/2017 16:30:01.736] [ActorEncrypt-akka.actor.default-dispatcher-15] [akka://ActorEncrypt/user/batchActor/SelectActor42/UpdateActor42] Completed Batch
[INFO] [08/17/2017 16:30:01.807] [ActorEncrypt-akka.actor.default-dispatcher-2] [akka://ActorEncrypt/user/batchActor/SelectActor22/UpdateActor72] Completed Batch
[INFO] [08/17/2017 16:30:02.664] [ActorEncrypt-akka.actor.default-dispatcher-11] [akka://ActorEncrypt/user/batchActor/SelectActor24/UpdateActor74] Completed Batch
[INFO] [08/17/2017 16:30:02.921] [ActorEncrypt-akka.actor.default-dispatcher-7] [akka://ActorEncrypt/user/batchActor/SelectActor23/UpdateActor23] Completed Batch
[INFO] [08/17/2017 16:30:03.074] [ActorEncrypt-akka.actor.default-dispatcher-23] [akka://ActorEncrypt/user/batchActor/SelectActor19/UpdateActor69] Completed Batch
[INFO] [08/17/2017 16:30:03.337] [ActorEncrypt-akka.actor.default-dispatcher-16] [akka://ActorEncrypt/user/batchActor/SelectActor20/UpdateActor70] Completed Batch
[INFO] [08/17/2017 16:30:03.373] [ActorEncrypt-akka.actor.default-dispatcher-4] [akka://ActorEncrypt/user/batchActor/SelectActor27/UpdateActor77] Completed Batch
[INFO] [08/17/2017 16:30:03.550] [ActorEncrypt-akka.actor.default-dispatcher-14] [akka://ActorEncrypt/user/batchActor/SelectActor8/UpdateActor58] Completed Batch
[INFO] [08/17/2017 16:30:04.107] [ActorEncrypt-akka.actor.default-dispatcher-19] [akka://ActorEncrypt/user/batchActor/SelectActor43/UpdateActor43] Completed Batch
[INFO] [08/17/2017 16:30:04.183] [ActorEncrypt-akka.actor.default-dispatcher-25] [akka://ActorEncrypt/user/batchActor/SelectActor9/UpdateActor59] Completed Batch
[INFO] [08/17/2017 16:30:04.192] [ActorEncrypt-akka.actor.default-dispatcher-17] [akka://ActorEncrypt/user/batchActor/SelectActor5/UpdateActor55] Completed Batch
[INFO] [08/17/2017 16:30:04.933] [ActorEncrypt-akka.actor.default-dispatcher-12] [akka://ActorEncrypt/user/batchActor/SelectActor40/UpdateActor90] Completed Batch
[INFO] [08/17/2017 16:30:05.559] [ActorEncrypt-akka.actor.default-dispatcher-6] [akka://ActorEncrypt/user/batchActor/SelectActor12/UpdateActor62] Completed Batch
[INFO] [08/17/2017 16:30:05.617] [ActorEncrypt-akka.actor.default-dispatcher-11] [akka://ActorEncrypt/user/batchActor/SelectActor48/UpdateActor48] Completed Batch
[INFO] [08/17/2017 16:30:06.089] [ActorEncrypt-akka.actor.default-dispatcher-20] [akka://ActorEncrypt/user/batchActor/SelectActor18/UpdateActor68] Completed Batch
[INFO] [08/17/2017 16:30:07.093] [ActorEncrypt-akka.actor.default-dispatcher-7] [akka://ActorEncrypt/user/batchActor/SelectActor25/UpdateActor25] Completed Batch
[INFO] [08/17/2017 16:30:07.280] [ActorEncrypt-akka.actor.default-dispatcher-14] [akka://ActorEncrypt/user/batchActor/SelectActor49/UpdateActor49] Completed Batch
[INFO] [08/17/2017 16:30:07.375] [ActorEncrypt-akka.actor.default-dispatcher-16] [akka://ActorEncrypt/user/batchActor/SelectActor44/UpdateActor44] Completed Batch
[INFO] [08/17/2017 16:30:08.749] [ActorEncrypt-akka.actor.default-dispatcher-9] [akka://ActorEncrypt/user/batchActor/SelectActor29/UpdateActor79] Completed Batch
[INFO] [08/17/2017 16:30:09.280] [ActorEncrypt-akka.actor.default-dispatcher-5] [akka://ActorEncrypt/user/batchActor/SelectActor39/UpdateActor89] Completed Batch
[INFO] [08/17/2017 16:30:09.736] [ActorEncrypt-akka.actor.default-dispatcher-11] [akka://ActorEncrypt/user/batchActor/SelectActor31/UpdateActor31] Completed Batch
[INFO] [08/17/2017 16:30:10.409] [ActorEncrypt-akka.actor.default-dispatcher-7] [akka://ActorEncrypt/user/batchActor/SelectActor32/UpdateActor32] Completed Batch
[INFO] [08/17/2017 16:30:10.729] [ActorEncrypt-akka.actor.default-dispatcher-16] [akka://ActorEncrypt/user/batchActor/SelectActor33/UpdateActor33] Completed Batch
[INFO] [08/17/2017 16:30:10.848] [ActorEncrypt-akka.actor.default-dispatcher-17] [akka://ActorEncrypt/user/batchActor/SelectActor30/UpdateActor30] Completed Batch
[INFO] [08/17/2017 16:30:12.507] [ActorEncrypt-akka.actor.default-dispatcher-22] [akka://ActorEncrypt/user/batchActor/SelectActor37/UpdateActor87] Completed Batch
[INFO] [08/17/2017 16:30:12.896] [ActorEncrypt-akka.actor.default-dispatcher-21] [akka://ActorEncrypt/user/batchActor/SelectActor23/UpdateActor73] Completed Batch
[INFO] [08/17/2017 16:30:12.914] [ActorEncrypt-akka.actor.default-dispatcher-5] [akka://ActorEncrypt/user/batchActor/SelectActor34/UpdateActor34] Completed Batch
[INFO] [08/17/2017 16:30:14.065] [ActorEncrypt-akka.actor.default-dispatcher-7] [akka://ActorEncrypt/user/batchActor/SelectActor35/UpdateActor35] Completed Batch
[INFO] [08/17/2017 16:30:14.768] [ActorEncrypt-akka.actor.default-dispatcher-17] [akka://ActorEncrypt/user/batchActor/SelectActor36/UpdateActor36] Completed Batch
[INFO] [08/17/2017 16:30:16.173] [ActorEncrypt-akka.actor.default-dispatcher-3] [akka://ActorEncrypt/user/batchActor/SelectActor38/UpdateActor88] Completed Batch
[INFO] [08/17/2017 16:30:16.789] [ActorEncrypt-akka.actor.default-dispatcher-15] [akka://ActorEncrypt/user/batchActor/SelectActor43/UpdateActor93] Completed Batch
[INFO] [08/17/2017 16:30:16.845] [ActorEncrypt-akka.actor.default-dispatcher-8] [akka://ActorEncrypt/user/batchActor/SelectActor10/UpdateActor60] Completed Batch
[INFO] [08/17/2017 16:30:16.855] [ActorEncrypt-akka.actor.default-dispatcher-10] [akka://ActorEncrypt/user/batchActor/SelectActor42/UpdateActor92] Completed Batch
[INFO] [08/17/2017 16:30:17.793] [ActorEncrypt-akka.actor.default-dispatcher-5] [akka://ActorEncrypt/user/batchActor/SelectActor45/UpdateActor45] Completed Batch
[INFO] [08/17/2017 16:30:18.608] [ActorEncrypt-akka.actor.default-dispatcher-24] [akka://ActorEncrypt/user/batchActor/SelectActor28/UpdateActor78] Completed Batch
[INFO] [08/17/2017 16:30:19.098] [ActorEncrypt-akka.actor.default-dispatcher-7] [akka://ActorEncrypt/user/batchActor/SelectActor46/UpdateActor46] Completed Batch
[INFO] [08/17/2017 16:30:20.234] [ActorEncrypt-akka.actor.default-dispatcher-3] [akka://ActorEncrypt/user/batchActor/SelectActor47/UpdateActor47] Completed Batch
[INFO] [08/17/2017 16:30:20.632] [ActorEncrypt-akka.actor.default-dispatcher-23] [akka://ActorEncrypt/user/batchActor/SelectActor25/UpdateActor75] Completed Batch
[INFO] [08/17/2017 16:30:21.017] [ActorEncrypt-akka.actor.default-dispatcher-13] [akka://ActorEncrypt/user/batchActor/SelectActor15/UpdateActor65] Completed Batch
[INFO] [08/17/2017 16:30:21.359] [ActorEncrypt-akka.actor.default-dispatcher-4] [akka://ActorEncrypt/user/batchActor/SelectActor48/UpdateActor98] Completed Batch
[INFO] [08/17/2017 16:30:21.864] [ActorEncrypt-akka.actor.default-dispatcher-2] [akka://ActorEncrypt/user/batchActor/SelectActor3/UpdateActor53] Completed Batch
[INFO] [08/17/2017 16:30:22.458] [ActorEncrypt-akka.actor.default-dispatcher-20] [akka://ActorEncrypt/user/batchActor/SelectActor31/UpdateActor81] Completed Batch
[INFO] [08/17/2017 16:30:22.571] [ActorEncrypt-akka.actor.default-dispatcher-19] [akka://ActorEncrypt/user/batchActor/SelectActor44/UpdateActor94] Completed Batch
[INFO] [08/17/2017 16:30:22.866] [ActorEncrypt-akka.actor.default-dispatcher-12] [akka://ActorEncrypt/user/batchActor/SelectActor6/UpdateActor56] Completed Batch
[INFO] [08/17/2017 16:30:25.020] [ActorEncrypt-akka.actor.default-dispatcher-25] [akka://ActorEncrypt/user/batchActor/SelectActor49/UpdateActor99] Completed Batch
[INFO] [08/17/2017 16:30:25.290] [ActorEncrypt-akka.actor.default-dispatcher-9] [akka://ActorEncrypt/user/batchActor/SelectActor33/UpdateActor83] Completed Batch
[INFO] [08/17/2017 16:30:25.736] [ActorEncrypt-akka.actor.default-dispatcher-14] [akka://ActorEncrypt/user/batchActor/SelectActor32/UpdateActor82] Completed Batch
[INFO] [08/17/2017 16:30:27.227] [ActorEncrypt-akka.actor.default-dispatcher-16] [akka://ActorEncrypt/user/batchActor/SelectActor35/UpdateActor85] Completed Batch
[INFO] [08/17/2017 16:30:27.422] [ActorEncrypt-akka.actor.default-dispatcher-6] [akka://ActorEncrypt/user/batchActor/SelectActor30/UpdateActor80] Completed Batch
[INFO] [08/17/2017 16:30:28.096] [ActorEncrypt-akka.actor.default-dispatcher-15] [akka://ActorEncrypt/user/batchActor/SelectActor47/UpdateActor97] Completed Batch
[INFO] [08/17/2017 16:30:28.523] [ActorEncrypt-akka.actor.default-dispatcher-21] [akka://ActorEncrypt/user/batchActor/SelectActor45/UpdateActor95] Completed Batch
[INFO] [08/17/2017 16:30:30.064] [ActorEncrypt-akka.actor.default-dispatcher-18] [akka://ActorEncrypt/user/batchActor/SelectActor41/UpdateActor91] Completed Batch
[INFO] [08/17/2017 16:30:31.508] [ActorEncrypt-akka.actor.default-dispatcher-11] [akka://ActorEncrypt/user/batchActor/SelectActor34/UpdateActor84] Completed Batch
[INFO] [08/17/2017 16:30:31.812] [ActorEncrypt-akka.actor.default-dispatcher-17] [akka://ActorEncrypt/user/batchActor/SelectActor46/UpdateActor96] Completed Batch
[INFO] [08/17/2017 16:30:34.599] [ActorEncrypt-akka.actor.default-dispatcher-22] [akka://ActorEncrypt/user/batchActor/SelectActor36/UpdateActor86] Completed Batch
]]></system-out>
  <system-err><![CDATA[Aug 17, 2017 4:29:23 PM com.mchange.v2.log.MLog <clinit>
INFO: MLog clients using java 1.4+ standard logging.
Aug 17, 2017 4:29:23 PM com.mchange.v2.c3p0.C3P0Registry banner
INFO: Initializing c3p0-0.9.1.2 [built 21-May-2007 15:04:56; debug? true; trace: 10]
Aug 17, 2017 4:29:23 PM com.mchange.v2.c3p0.impl.AbstractPoolBackedDataSource getPoolManager
INFO: Initializing c3p0 pool... com.mchange.v2.c3p0.ComboPooledDataSource [ acquireIncrement -> 5, acquireRetryAttempts -> 30, acquireRetryDelay -> 1000, autoCommitOnClose -> false, automaticTestTable -> null, breakAfterAcquireFailure -> false, checkoutTimeout -> 0, connectionCustomizerClassName -> null, connectionTesterClassName -> com.mchange.v2.c3p0.impl.DefaultConnectionTester, dataSourceName -> 1hgf85d9p1vakb4buu8wzx|3619813, debugUnreturnedConnectionStackTraces -> false, description -> null, driverClass -> com.microsoft.sqlserver.jdbc.SQLServerDriver, factoryClassLocation -> null, forceIgnoreUnresolvedTransactions -> false, identityToken -> 1hgf85d9p1vakb4buu8wzx|3619813, idleConnectionTestPeriod -> 0, initialPoolSize -> 3, jdbcUrl -> jdbc:sqlserver://iop3dev-sqlsvr-p.ie.intuit.net:1433;databaseName=branch_test;user=pubuser;password=pubuser, maxAdministrativeTaskTime -> 0, maxConnectionAge -> 0, maxIdleTime -> 0, maxIdleTimeExcessConnections -> 0, maxPoolSize -> 35, maxStatements -> 0, maxStatementsPerConnection -> 0, minPoolSize -> 5, numHelperThreads -> 3, numThreadsAwaitingCheckoutDefaultUser -> 0, preferredTestQuery -> null, properties -> {user=******, password=******}, propertyCycle -> 0, testConnectionOnCheckin -> false, testConnectionOnCheckout -> false, unreturnedConnectionTimeout -> 0, usesTraditionalReflectiveProxies -> false ]
]]></system-err>
</testsuite>
